 * Serving Flask app 'admin_app'
 * Debug mode: off
WARNING: This is a development server. Do not use it in a production deployment. Use a production WSGI server instead.
 * Running on http://127.0.0.1:5005
Press CTRL+C to quit
 * Serving Flask app 'auth_admin'
 * Debug mode: off
WARNING: This is a development server. Do not use it in a production deployment. Use a production WSGI server instead.
 * Running on http://127.0.0.1:5006
Press CTRL+C to quit
 * Serving Flask app 'auth_admin'
 * Debug mode: off
Address already in use
Port 5006 is in use by another program. Either identify and stop that program, or start the server with a different port.
 * Serving Flask app 'auth_admin'
 * Debug mode: off
[31m[1mWARNING: This is a development server. Do not use it in a production deployment. Use a production WSGI server instead.[0m
 * Running on http://127.0.0.1:5006
[33mPress CTRL+C to quit[0m
 * Serving Flask app 'auth_admin'
 * Debug mode: off
Address already in use
Port 5006 is in use by another program. Either identify and stop that program, or start the server with a different port.
 * Serving Flask app 'auth_admin'
 * Debug mode: off
[31m[1mWARNING: This is a development server. Do not use it in a production deployment. Use a production WSGI server instead.[0m
 * Running on http://127.0.0.1:5006
[33mPress CTRL+C to quit[0m
 * Serving Flask app 'admin_app'
 * Debug mode: off
[31m[1mWARNING: This is a development server. Do not use it in a production deployment. Use a production WSGI server instead.[0m
 * Running on http://127.0.0.1:5005
[33mPress CTRL+C to quit[0m
 * Serving Flask app 'auth_admin'
 * Debug mode: off
[31m[1mWARNING: This is a development server. Do not use it in a production deployment. Use a production WSGI server instead.[0m
 * Running on http://127.0.0.1:5006
[33mPress CTRL+C to quit[0m
 * Serving Flask app 'auth_admin'
 * Debug mode: off
Address already in use
Port 5006 is in use by another program. Either identify and stop that program, or start the server with a different port.
127.0.0.1 - - [09/Jun/2025 09:56:27] "[33mGET /whoami HTTP/1.0[0m" 404 -
127.0.0.1 - - [09/Jun/2025 09:56:27] "[33mGET /whoami HTTP/1.0[0m" 404 -
127.0.0.1 - - [09/Jun/2025 09:57:43] "[33mGET /whoami HTTP/1.0[0m" 404 -
127.0.0.1 - - [09/Jun/2025 09:57:43] "[33mGET /whoami HTTP/1.0[0m" 404 -
127.0.0.1 - - [09/Jun/2025 09:57:58] "[33mPOST /login HTTP/1.0[0m" 404 -
127.0.0.1 - - [09/Jun/2025 09:58:08] "[33mPOST /login HTTP/1.0[0m" 404 -
127.0.0.1 - - [09/Jun/2025 09:58:10] "[33mPOST /login HTTP/1.0[0m" 404 -
127.0.0.1 - - [09/Jun/2025 09:58:15] "[33mPOST /login HTTP/1.0[0m" 404 -
127.0.0.1 - - [09/Jun/2025 10:00:21] "[33mGET /whoami HTTP/1.0[0m" 404 -
127.0.0.1 - - [09/Jun/2025 10:00:21] "[33mGET /whoami HTTP/1.0[0m" 404 -
127.0.0.1 - - [09/Jun/2025 10:06:36] "[33mPOST /login HTTP/1.0[0m" 404 -
127.0.0.1 - - [09/Jun/2025 10:06:43] "[33mGET /whoami HTTP/1.0[0m" 404 -
127.0.0.1 - - [09/Jun/2025 10:07:01] "[33mPOST /login HTTP/1.0[0m" 404 -
127.0.0.1 - - [09/Jun/2025 10:07:44] "[33mGET /login HTTP/1.0[0m" 404 -
127.0.0.1 - - [09/Jun/2025 10:10:34] "[33mGET /whoami HTTP/1.0[0m" 404 -
127.0.0.1 - - [09/Jun/2025 10:11:34] "[33mGET /whoami HTTP/1.0[0m" 404 -
127.0.0.1 - - [09/Jun/2025 10:11:34] "[33mGET /whoami HTTP/1.0[0m" 404 -
127.0.0.1 - - [09/Jun/2025 10:11:56] "[33mPOST /login HTTP/1.0[0m" 404 -
127.0.0.1 - - [09/Jun/2025 10:12:13] "[33mPOST /login HTTP/1.0[0m" 404 -
127.0.0.1 - - [09/Jun/2025 10:14:46] "GET /foods HTTP/1.0" 200 -
 * Serving Flask app 'auth_admin'
 * Debug mode: off
WARNING: This is a development server. Do not use it in a production deployment. Use a production WSGI server instead.
 * Running on http://127.0.0.1:5006
Press CTRL+C to quit
127.0.0.1 - - [09/Jun/2025 10:15:45] "POST /login HTTP/1.0" 200 -
127.0.0.1 - - [09/Jun/2025 10:15:45] "GET /foods HTTP/1.0" 200 -
127.0.0.1 - - [09/Jun/2025 10:15:52] "POST /login HTTP/1.0" 200 -
127.0.0.1 - - [09/Jun/2025 10:15:52] "GET /foods HTTP/1.0" 200 -
127.0.0.1 - - [09/Jun/2025 10:15:53] "GET /whoami HTTP/1.0" 401 -
127.0.0.1 - - [09/Jun/2025 10:15:53] "GET /whoami HTTP/1.0" 401 -
127.0.0.1 - - [09/Jun/2025 10:16:48] "GET /foods?name=é›ž HTTP/1.0" 200 -
127.0.0.1 - - [09/Jun/2025 10:16:53] "GET /foods HTTP/1.0" 200 -
127.0.0.1 - - [09/Jun/2025 10:17:22] "POST /login HTTP/1.0" 200 -
127.0.0.1 - - [09/Jun/2025 10:17:22] "GET /foods HTTP/1.0" 200 -
/home/theone/using_web/calorie-web/admin/auth_admin.py:68: LegacyAPIWarning: The Query.get() method is considered legacy as of the 1.x series of SQLAlchemy and becomes a legacy construct in 2.0. The method is now available as Session.get() (deprecated since: 2.0) (Background on SQLAlchemy 2.0 at: https://sqlalche.me/e/b8d9)
  admin = Admin.query.get(aid)
127.0.0.1 - - [09/Jun/2025 10:19:34] "GET /whoami HTTP/1.0" 200 -
127.0.0.1 - - [09/Jun/2025 10:19:34] "GET /foods HTTP/1.0" 200 -
127.0.0.1 - - [09/Jun/2025 10:19:36] "GET /whoami HTTP/1.0" 200 -
127.0.0.1 - - [09/Jun/2025 10:19:36] "GET /foods HTTP/1.0" 200 -
127.0.0.1 - - [09/Jun/2025 10:23:30] "GET /whoami HTTP/1.0" 200 -
127.0.0.1 - - [09/Jun/2025 10:23:30] "GET /foods HTTP/1.0" 200 -
127.0.0.1 - - [09/Jun/2025 10:24:44] "PUT /foods/3 HTTP/1.0" 200 -
127.0.0.1 - - [09/Jun/2025 10:24:44] "GET /foods HTTP/1.0" 200 -
127.0.0.1 - - [09/Jun/2025 10:25:36] "GET /whoami HTTP/1.0" 200 -
127.0.0.1 - - [09/Jun/2025 10:25:36] "GET /foods HTTP/1.0" 200 -
127.0.0.1 - - [09/Jun/2025 10:25:38] "GET /whoami HTTP/1.0" 200 -
127.0.0.1 - - [09/Jun/2025 10:25:38] "GET /foods HTTP/1.0" 200 -
127.0.0.1 - - [09/Jun/2025 10:25:44] "PUT /foods/1 HTTP/1.0" 200 -
127.0.0.1 - - [09/Jun/2025 10:25:44] "GET /foods HTTP/1.0" 200 -
127.0.0.1 - - [09/Jun/2025 10:25:46] "GET /whoami HTTP/1.0" 200 -
127.0.0.1 - - [09/Jun/2025 10:25:46] "GET /foods HTTP/1.0" 200 -
127.0.0.1 - - [09/Jun/2025 10:26:42] "PUT /foods/3 HTTP/1.0" 200 -
127.0.0.1 - - [09/Jun/2025 10:26:42] "GET /foods HTTP/1.0" 200 -
127.0.0.1 - - [09/Jun/2025 10:26:59] "PUT /foods/3 HTTP/1.0" 200 -
127.0.0.1 - - [09/Jun/2025 10:26:59] "GET /foods HTTP/1.0" 200 -
127.0.0.1 - - [09/Jun/2025 10:27:33] "GET /whoami HTTP/1.0" 200 -
127.0.0.1 - - [09/Jun/2025 10:27:33] "GET /foods HTTP/1.0" 200 -
127.0.0.1 - - [09/Jun/2025 10:32:21] "PUT /foods/2 HTTP/1.0" 200 -
127.0.0.1 - - [09/Jun/2025 10:32:21] "GET /foods HTTP/1.0" 200 -
127.0.0.1 - - [09/Jun/2025 10:36:47] "PUT /foods/2 HTTP/1.0" 200 -
127.0.0.1 - - [09/Jun/2025 10:36:47] "GET /foods HTTP/1.0" 200 -
127.0.0.1 - - [09/Jun/2025 10:37:06] "GET /whoami HTTP/1.0" 200 -
127.0.0.1 - - [09/Jun/2025 10:37:06] "GET /foods HTTP/1.0" 200 -
127.0.0.1 - - [09/Jun/2025 10:38:18] "PUT /foods/3 HTTP/1.0" 200 -
127.0.0.1 - - [09/Jun/2025 10:38:18] "GET /foods HTTP/1.0" 200 -
127.0.0.1 - - [09/Jun/2025 10:38:19] "GET /whoami HTTP/1.0" 200 -
127.0.0.1 - - [09/Jun/2025 10:38:19] "GET /foods HTTP/1.0" 200 -
127.0.0.1 - - [09/Jun/2025 10:39:47] "[35m[1mPOST /foods HTTP/1.0[0m" 201 -
127.0.0.1 - - [09/Jun/2025 10:39:47] "GET /foods HTTP/1.0" 200 -
127.0.0.1 - - [09/Jun/2025 10:40:54] "GET /whoami HTTP/1.0" 200 -
127.0.0.1 - - [09/Jun/2025 10:40:54] "GET /foods HTTP/1.0" 200 -
127.0.0.1 - - [09/Jun/2025 10:41:31] "[35m[1mPOST /foods HTTP/1.0[0m" 201 -
127.0.0.1 - - [09/Jun/2025 10:41:31] "GET /foods HTTP/1.0" 200 -
127.0.0.1 - - [09/Jun/2025 10:41:33] "GET /whoami HTTP/1.0" 401 -
127.0.0.1 - - [09/Jun/2025 10:41:33] "GET /whoami HTTP/1.0" 401 -
127.0.0.1 - - [09/Jun/2025 10:43:44] "GET /whoami HTTP/1.0" 200 -
127.0.0.1 - - [09/Jun/2025 10:43:44] "GET /foods HTTP/1.0" 200 -
127.0.0.1 - - [09/Jun/2025 10:44:24] "GET /whoami HTTP/1.0" 200 -
127.0.0.1 - - [09/Jun/2025 10:44:24] "GET /foods HTTP/1.0" 200 -
127.0.0.1 - - [09/Jun/2025 10:45:44] "POST /logout HTTP/1.0" 200 -
127.0.0.1 - - [09/Jun/2025 10:45:44] "GET /whoami HTTP/1.0" 401 -
127.0.0.1 - - [09/Jun/2025 10:48:31] "POST /login HTTP/1.0" 200 -
127.0.0.1 - - [09/Jun/2025 10:48:31] "GET /foods HTTP/1.0" 200 -
127.0.0.1 - - [09/Jun/2025 10:48:57] "[35m[1mPOST /foods HTTP/1.0[0m" 201 -
127.0.0.1 - - [09/Jun/2025 10:48:57] "GET /foods HTTP/1.0" 200 -
127.0.0.1 - - [09/Jun/2025 10:49:06] "PUT /foods/6 HTTP/1.0" 200 -
127.0.0.1 - - [09/Jun/2025 10:49:06] "GET /foods HTTP/1.0" 200 -
127.0.0.1 - - [09/Jun/2025 10:49:11] "[35m[1mDELETE /foods/6 HTTP/1.0[0m" 204 -
127.0.0.1 - - [09/Jun/2025 10:49:11] "GET /foods HTTP/1.0" 200 -
127.0.0.1 - - [09/Jun/2025 10:49:17] "GET /foods?name=ç§‘å­¸ HTTP/1.0" 200 -
127.0.0.1 - - [09/Jun/2025 10:49:19] "GET /foods HTTP/1.0" 200 -
127.0.0.1 - - [09/Jun/2025 10:50:58] "POST /logout HTTP/1.0" 200 -
127.0.0.1 - - [09/Jun/2025 10:50:58] "GET /whoami HTTP/1.0" 401 -
127.0.0.1 - - [09/Jun/2025 10:51:25] "POST /login HTTP/1.0" 200 -
127.0.0.1 - - [09/Jun/2025 10:51:25] "GET /foods HTTP/1.0" 200 -
127.0.0.1 - - [09/Jun/2025 10:51:40] "[35m[1mPOST /foods HTTP/1.0[0m" 201 -
127.0.0.1 - - [09/Jun/2025 10:51:40] "GET /foods HTTP/1.0" 200 -
127.0.0.1 - - [09/Jun/2025 10:51:47] "PUT /foods/7 HTTP/1.0" 200 -
127.0.0.1 - - [09/Jun/2025 10:51:47] "GET /foods HTTP/1.0" 200 -
127.0.0.1 - - [09/Jun/2025 10:51:54] "[35m[1mDELETE /foods/7 HTTP/1.0[0m" 204 -
127.0.0.1 - - [09/Jun/2025 10:51:54] "GET /foods HTTP/1.0" 200 -
127.0.0.1 - - [09/Jun/2025 10:51:58] "GET /foods?name=ç§‘ HTTP/1.0" 200 -
127.0.0.1 - - [09/Jun/2025 10:52:01] "GET /foods HTTP/1.0" 200 -
127.0.0.1 - - [09/Jun/2025 10:52:03] "POST /logout HTTP/1.0" 200 -
127.0.0.1 - - [09/Jun/2025 10:52:03] "GET /whoami HTTP/1.0" 401 -
127.0.0.1 - - [09/Jun/2025 10:54:42] "GET /whoami HTTP/1.0" 401 -
127.0.0.1 - - [09/Jun/2025 10:54:42] "GET /whoami HTTP/1.0" 401 -
127.0.0.1 - - [09/Jun/2025 11:04:59] "GET /whoami HTTP/1.0" 401 -
127.0.0.1 - - [09/Jun/2025 11:04:59] "GET /whoami HTTP/1.0" 401 -
127.0.0.1 - - [09/Jun/2025 11:05:09] "GET /whoami HTTP/1.0" 401 -
127.0.0.1 - - [09/Jun/2025 11:54:25] "GET /whoami HTTP/1.0" 401 -
127.0.0.1 - - [09/Jun/2025 11:54:25] "GET /whoami HTTP/1.0" 401 -
127.0.0.1 - - [09/Jun/2025 11:55:01] "GET /whoami HTTP/1.0" 401 -
127.0.0.1 - - [09/Jun/2025 11:55:02] "GET /whoami HTTP/1.0" 401 -
127.0.0.1 - - [09/Jun/2025 11:55:18] "GET /whoami HTTP/1.0" 401 -
127.0.0.1 - - [09/Jun/2025 11:55:19] "GET /whoami HTTP/1.0" 401 -
127.0.0.1 - - [09/Jun/2025 11:55:19] "GET /whoami HTTP/1.0" 401 -
127.0.0.1 - - [09/Jun/2025 12:01:25] "GET /whoami HTTP/1.0" 401 -
127.0.0.1 - - [09/Jun/2025 12:01:25] "GET /whoami HTTP/1.0" 401 -
127.0.0.1 - - [09/Jun/2025 12:04:43] "GET /whoami HTTP/1.0" 401 -
127.0.0.1 - - [09/Jun/2025 12:04:44] "GET /whoami HTTP/1.0" 401 -
127.0.0.1 - - [09/Jun/2025 12:04:59] "POST /login HTTP/1.0" 401 -
127.0.0.1 - - [09/Jun/2025 12:05:08] "POST /login HTTP/1.0" 401 -
127.0.0.1 - - [09/Jun/2025 12:05:16] "POST /login HTTP/1.0" 401 -
127.0.0.1 - - [09/Jun/2025 12:05:25] "POST /login HTTP/1.0" 401 -
127.0.0.1 - - [09/Jun/2025 12:05:34] "GET /whoami HTTP/1.0" 401 -
127.0.0.1 - - [09/Jun/2025 12:05:54] "GET /whoami HTTP/1.0" 401 -
127.0.0.1 - - [09/Jun/2025 12:05:54] "GET /whoami HTTP/1.0" 401 -
127.0.0.1 - - [09/Jun/2025 12:08:03] "GET /whoami HTTP/1.0" 401 -
127.0.0.1 - - [09/Jun/2025 12:08:03] "GET /whoami HTTP/1.0" 401 -
127.0.0.1 - - [09/Jun/2025 12:08:07] "POST /login HTTP/1.0" 401 -
127.0.0.1 - - [09/Jun/2025 12:08:17] "POST /login HTTP/1.0" 401 -
127.0.0.1 - - [09/Jun/2025 12:08:26] "POST /login HTTP/1.0" 401 -
127.0.0.1 - - [09/Jun/2025 12:08:35] "POST /login HTTP/1.0" 401 -
127.0.0.1 - - [09/Jun/2025 12:08:44] "GET /whoami HTTP/1.0" 401 -
127.0.0.1 - - [09/Jun/2025 12:10:50] "GET /whoami HTTP/1.0" 401 -
127.0.0.1 - - [09/Jun/2025 12:10:51] "GET /whoami HTTP/1.0" 401 -
127.0.0.1 - - [09/Jun/2025 12:10:57] "POST /login HTTP/1.0" 401 -
127.0.0.1 - - [09/Jun/2025 12:11:07] "POST /login HTTP/1.0" 401 -
127.0.0.1 - - [09/Jun/2025 12:11:16] "POST /login HTTP/1.0" 401 -
127.0.0.1 - - [09/Jun/2025 12:11:25] "POST /login HTTP/1.0" 401 -
127.0.0.1 - - [09/Jun/2025 12:11:35] "GET /whoami HTTP/1.0" 401 -
127.0.0.1 - - [09/Jun/2025 12:51:15] "GET /whoami HTTP/1.0" 401 -
127.0.0.1 - - [09/Jun/2025 12:54:14] "GET /whoami HTTP/1.0" 401 -
127.0.0.1 - - [09/Jun/2025 12:54:14] "GET /whoami HTTP/1.0" 401 -
127.0.0.1 - - [09/Jun/2025 12:54:39] "GET /whoami HTTP/1.0" 401 -
127.0.0.1 - - [09/Jun/2025 12:54:39] "GET /whoami HTTP/1.0" 401 -
127.0.0.1 - - [09/Jun/2025 12:57:24] "GET /whoami HTTP/1.0" 401 -
127.0.0.1 - - [09/Jun/2025 12:57:24] "GET /whoami HTTP/1.0" 401 -
127.0.0.1 - - [09/Jun/2025 13:20:58] "GET /whoami HTTP/1.0" 401 -
127.0.0.1 - - [09/Jun/2025 13:20:58] "GET /whoami HTTP/1.0" 401 -
127.0.0.1 - - [09/Jun/2025 13:24:37] "GET /whoami HTTP/1.0" 401 -
127.0.0.1 - - [09/Jun/2025 13:24:38] "GET /whoami HTTP/1.0" 401 -
127.0.0.1 - - [09/Jun/2025 13:45:10] "GET /whoami HTTP/1.0" 401 -
127.0.0.1 - - [09/Jun/2025 13:45:10] "GET /whoami HTTP/1.0" 401 -
127.0.0.1 - - [09/Jun/2025 13:45:22] "GET /whoami HTTP/1.0" 401 -
127.0.0.1 - - [09/Jun/2025 13:45:22] "GET /whoami HTTP/1.0" 401 -
127.0.0.1 - - [09/Jun/2025 13:55:39] "GET /whoami HTTP/1.0" 401 -
127.0.0.1 - - [09/Jun/2025 13:55:39] "GET /whoami HTTP/1.0" 401 -
127.0.0.1 - - [09/Jun/2025 14:19:05] "GET /whoami HTTP/1.0" 401 -
127.0.0.1 - - [09/Jun/2025 14:19:05] "GET /whoami HTTP/1.0" 401 -
127.0.0.1 - - [09/Jun/2025 14:42:39] "GET /whoami HTTP/1.0" 401 -
127.0.0.1 - - [09/Jun/2025 14:42:39] "GET /whoami HTTP/1.0" 401 -
127.0.0.1 - - [09/Jun/2025 14:42:50] "POST /login HTTP/1.0" 401 -
127.0.0.1 - - [09/Jun/2025 14:42:52] "POST /login HTTP/1.0" 401 -
127.0.0.1 - - [09/Jun/2025 14:43:14] "GET /whoami HTTP/1.0" 401 -
127.0.0.1 - - [09/Jun/2025 14:43:14] "GET /whoami HTTP/1.0" 401 -
127.0.0.1 - - [09/Jun/2025 14:43:19] "POST /login HTTP/1.0" 401 -
127.0.0.1 - - [09/Jun/2025 14:43:23] "GET /whoami HTTP/1.0" 401 -
127.0.0.1 - - [09/Jun/2025 14:43:23] "GET /whoami HTTP/1.0" 401 -
127.0.0.1 - - [09/Jun/2025 14:43:24] "POST /login HTTP/1.0" 401 -
127.0.0.1 - - [09/Jun/2025 14:43:26] "POST /login HTTP/1.0" 401 -
127.0.0.1 - - [09/Jun/2025 16:03:54] "GET /whoami HTTP/1.0" 401 -
127.0.0.1 - - [09/Jun/2025 16:03:54] "GET /whoami HTTP/1.0" 401 -
127.0.0.1 - - [09/Jun/2025 16:51:30] "GET /whoami HTTP/1.0" 401 -
127.0.0.1 - - [09/Jun/2025 16:51:30] "GET /whoami HTTP/1.0" 401 -
127.0.0.1 - - [09/Jun/2025 16:51:42] "GET /whoami HTTP/1.0" 401 -
127.0.0.1 - - [09/Jun/2025 16:51:43] "GET /whoami HTTP/1.0" 401 -
127.0.0.1 - - [09/Jun/2025 16:53:29] "GET /whoami HTTP/1.0" 401 -
127.0.0.1 - - [09/Jun/2025 16:53:42] "POST /login HTTP/1.0" 200 -
127.0.0.1 - - [09/Jun/2025 16:53:42] "GET /foods HTTP/1.0" 200 -
127.0.0.1 - - [09/Jun/2025 16:53:48] "POST /logout HTTP/1.0" 200 -
127.0.0.1 - - [09/Jun/2025 16:53:48] "GET /whoami HTTP/1.0" 401 -
127.0.0.1 - - [09/Jun/2025 17:04:03] "GET /whoami HTTP/1.0" 401 -
127.0.0.1 - - [09/Jun/2025 17:04:03] "GET /whoami HTTP/1.0" 401 -
127.0.0.1 - - [09/Jun/2025 17:07:24] "GET /whoami HTTP/1.0" 401 -
127.0.0.1 - - [09/Jun/2025 17:07:24] "GET /whoami HTTP/1.0" 401 -
127.0.0.1 - - [09/Jun/2025 19:34:00] "GET /whoami HTTP/1.0" 401 -
127.0.0.1 - - [09/Jun/2025 19:34:00] "GET /whoami HTTP/1.0" 401 -
127.0.0.1 - - [09/Jun/2025 19:34:02] "GET /whoami HTTP/1.0" 401 -
127.0.0.1 - - [09/Jun/2025 19:34:02] "GET /whoami HTTP/1.0" 401 -
127.0.0.1 - - [09/Jun/2025 21:48:18] "GET /whoami HTTP/1.0" 401 -
127.0.0.1 - - [09/Jun/2025 21:48:18] "GET /whoami HTTP/1.0" 401 -
127.0.0.1 - - [10/Jun/2025 02:04:15] "GET /whoami HTTP/1.0" 401 -
127.0.0.1 - - [10/Jun/2025 02:04:15] "GET /whoami HTTP/1.0" 401 -
127.0.0.1 - - [10/Jun/2025 02:10:19] "GET /whoami HTTP/1.0" 401 -
127.0.0.1 - - [10/Jun/2025 02:10:19] "GET /whoami HTTP/1.0" 401 -
127.0.0.1 - - [10/Jun/2025 03:07:25] "GET /whoami HTTP/1.0" 401 -
127.0.0.1 - - [10/Jun/2025 03:07:25] "GET /whoami HTTP/1.0" 401 -
127.0.0.1 - - [10/Jun/2025 03:07:38] "POST /login HTTP/1.0" 401 -
127.0.0.1 - - [10/Jun/2025 03:07:45] "POST /login HTTP/1.0" 200 -
127.0.0.1 - - [10/Jun/2025 03:07:45] "GET /foods HTTP/1.0" 200 -
127.0.0.1 - - [10/Jun/2025 04:00:40] "GET /whoami HTTP/1.0" 401 -
127.0.0.1 - - [10/Jun/2025 04:00:40] "GET /whoami HTTP/1.0" 401 -
127.0.0.1 - - [10/Jun/2025 04:00:51] "POST /login HTTP/1.0" 200 -
127.0.0.1 - - [10/Jun/2025 04:00:51] "GET /foods HTTP/1.0" 200 -
127.0.0.1 - - [10/Jun/2025 04:01:07] "GET /foods?name=ç§‘ HTTP/1.0" 200 -
127.0.0.1 - - [10/Jun/2025 04:01:23] "GET /foods HTTP/1.0" 200 -
127.0.0.1 - - [10/Jun/2025 04:01:50] "[35m[1mPOST /foods HTTP/1.0[0m" 201 -
127.0.0.1 - - [10/Jun/2025 04:01:50] "GET /foods HTTP/1.0" 200 -
127.0.0.1 - - [10/Jun/2025 04:01:59] "[35m[1mDELETE /foods/8 HTTP/1.0[0m" 204 -
127.0.0.1 - - [10/Jun/2025 04:01:59] "GET /foods HTTP/1.0" 200 -
127.0.0.1 - - [10/Jun/2025 04:02:05] "POST /logout HTTP/1.0" 200 -
127.0.0.1 - - [10/Jun/2025 04:02:05] "GET /whoami HTTP/1.0" 401 -
127.0.0.1 - - [10/Jun/2025 09:59:00] "GET /whoami HTTP/1.0" 401 -
127.0.0.1 - - [10/Jun/2025 09:59:00] "GET /whoami HTTP/1.0" 401 -
127.0.0.1 - - [10/Jun/2025 09:59:20] "POST /login HTTP/1.0" 200 -
127.0.0.1 - - [10/Jun/2025 09:59:20] "GET /foods HTTP/1.0" 200 -
127.0.0.1 - - [10/Jun/2025 09:59:20] "POST /login HTTP/1.0" 200 -
127.0.0.1 - - [10/Jun/2025 09:59:20] "GET /foods HTTP/1.0" 200 -
127.0.0.1 - - [10/Jun/2025 09:59:30] "GET /foods?name=é›ž HTTP/1.0" 200 -
127.0.0.1 - - [10/Jun/2025 09:59:32] "GET /foods HTTP/1.0" 200 -
127.0.0.1 - - [10/Jun/2025 09:59:39] "POST /logout HTTP/1.0" 200 -
127.0.0.1 - - [10/Jun/2025 09:59:39] "GET /whoami HTTP/1.0" 401 -
127.0.0.1 - - [10/Jun/2025 10:25:15] "GET /whoami HTTP/1.0" 401 -
127.0.0.1 - - [11/Jun/2025 17:46:06] "GET /whoami HTTP/1.0" 401 -
127.0.0.1 - - [11/Jun/2025 17:46:06] "GET /whoami HTTP/1.0" 401 -
127.0.0.1 - - [12/Jun/2025 03:57:02] "GET /whoami HTTP/1.0" 401 -
127.0.0.1 - - [12/Jun/2025 03:57:02] "GET /whoami HTTP/1.0" 401 -
127.0.0.1 - - [12/Jun/2025 03:57:14] "GET /whoami HTTP/1.0" 401 -
127.0.0.1 - - [12/Jun/2025 03:57:14] "GET /whoami HTTP/1.0" 401 -
127.0.0.1 - - [12/Jun/2025 15:13:47] "GET /whoami HTTP/1.0" 401 -
127.0.0.1 - - [12/Jun/2025 15:38:35] "POST /login HTTP/1.0" 200 -
127.0.0.1 - - [12/Jun/2025 15:38:35] "GET /foods HTTP/1.0" 200 -
127.0.0.1 - - [12/Jun/2025 15:52:58] "GET /foods?name=éºµ HTTP/1.0" 200 -
127.0.0.1 - - [12/Jun/2025 15:52:58] "GET /foods?name=éºµ HTTP/1.0" 200 -
127.0.0.1 - - [12/Jun/2025 15:56:05] "GET /foods HTTP/1.0" 200 -
127.0.0.1 - - [12/Jun/2025 15:56:05] "GET /foods HTTP/1.0" 200 -
127.0.0.1 - - [12/Jun/2025 15:56:06] "GET /foods HTTP/1.0" 200 -
127.0.0.1 - - [12/Jun/2025 15:56:19] "[35m[1mPOST /foods HTTP/1.0[0m" 201 -
127.0.0.1 - - [12/Jun/2025 15:56:19] "GET /foods HTTP/1.0" 200 -
127.0.0.1 - - [12/Jun/2025 15:57:20] "PUT /foods/9 HTTP/1.0" 200 -
127.0.0.1 - - [12/Jun/2025 15:57:21] "GET /foods HTTP/1.0" 200 -
127.0.0.1 - - [12/Jun/2025 15:57:39] "[35m[1mDELETE /foods/9 HTTP/1.0[0m" 204 -
127.0.0.1 - - [12/Jun/2025 15:57:39] "GET /foods HTTP/1.0" 200 -
127.0.0.1 - - [12/Jun/2025 15:58:27] "POST /logout HTTP/1.0" 200 -
127.0.0.1 - - [12/Jun/2025 15:58:28] "GET /whoami HTTP/1.0" 401 -
127.0.0.1 - - [12/Jun/2025 16:03:21] "GET /whoami HTTP/1.0" 401 -
127.0.0.1 - - [12/Jun/2025 16:03:30] "POST /login HTTP/1.0" 200 -
127.0.0.1 - - [12/Jun/2025 16:03:31] "GET /foods HTTP/1.0" 200 -
127.0.0.1 - - [12/Jun/2025 16:03:47] "[35m[1mPOST /foods HTTP/1.0[0m" 201 -
127.0.0.1 - - [12/Jun/2025 16:03:48] "GET /foods HTTP/1.0" 200 -
127.0.0.1 - - [12/Jun/2025 16:03:57] "PUT /foods/10 HTTP/1.0" 200 -
127.0.0.1 - - [12/Jun/2025 16:03:57] "GET /foods HTTP/1.0" 200 -
127.0.0.1 - - [12/Jun/2025 16:04:05] "[35m[1mDELETE /foods/10 HTTP/1.0[0m" 204 -
127.0.0.1 - - [12/Jun/2025 16:04:06] "GET /foods HTTP/1.0" 200 -
127.0.0.1 - - [12/Jun/2025 16:04:16] "[35m[1mPOST /foods HTTP/1.0[0m" 201 -
127.0.0.1 - - [12/Jun/2025 16:04:16] "GET /foods HTTP/1.0" 200 -
[2025-06-12 16:04:47,241] ERROR in app: Exception on /foods/11 [PUT]
Traceback (most recent call last):
  File "/home/theone/using_web/calorie-web/admin/venv/lib/python3.12/site-packages/sqlalchemy/engine/base.py", line 1963, in _exec_single_context
    self.dialect.do_execute(
  File "/home/theone/using_web/calorie-web/admin/venv/lib/python3.12/site-packages/sqlalchemy/engine/default.py", line 943, in do_execute
    cursor.execute(statement, parameters)
  File "/home/theone/using_web/calorie-web/admin/venv/lib/python3.12/site-packages/pymysql/cursors.py", line 153, in execute
    result = self._query(query)
             ^^^^^^^^^^^^^^^^^^
  File "/home/theone/using_web/calorie-web/admin/venv/lib/python3.12/site-packages/pymysql/cursors.py", line 322, in _query
    conn.query(q)
  File "/home/theone/using_web/calorie-web/admin/venv/lib/python3.12/site-packages/pymysql/connections.py", line 563, in query
    self._affected_rows = self._read_query_result(unbuffered=unbuffered)
                          ^^^^^^^^^^^^^^^^^^^^^^^^^^^^^^^^^^^^^^^^^^^^^^
  File "/home/theone/using_web/calorie-web/admin/venv/lib/python3.12/site-packages/pymysql/connections.py", line 825, in _read_query_result
    result.read()
  File "/home/theone/using_web/calorie-web/admin/venv/lib/python3.12/site-packages/pymysql/connections.py", line 1199, in read
    first_packet = self.connection._read_packet()
                   ^^^^^^^^^^^^^^^^^^^^^^^^^^^^^^
  File "/home/theone/using_web/calorie-web/admin/venv/lib/python3.12/site-packages/pymysql/connections.py", line 775, in _read_packet
    packet.raise_for_error()
  File "/home/theone/using_web/calorie-web/admin/venv/lib/python3.12/site-packages/pymysql/protocol.py", line 219, in raise_for_error
    err.raise_mysql_exception(self._data)
  File "/home/theone/using_web/calorie-web/admin/venv/lib/python3.12/site-packages/pymysql/err.py", line 150, in raise_mysql_exception
    raise errorclass(errno, errval)
pymysql.err.IntegrityError: (1062, "Duplicate entry 'è˜‹æžœï¼ˆ100 gï¼‰' for key 'food.name'")

The above exception was the direct cause of the following exception:

Traceback (most recent call last):
  File "/home/theone/using_web/calorie-web/admin/venv/lib/python3.12/site-packages/flask/app.py", line 1511, in wsgi_app
    response = self.full_dispatch_request()
               ^^^^^^^^^^^^^^^^^^^^^^^^^^^^
  File "/home/theone/using_web/calorie-web/admin/venv/lib/python3.12/site-packages/flask/app.py", line 919, in full_dispatch_request
    rv = self.handle_user_exception(e)
         ^^^^^^^^^^^^^^^^^^^^^^^^^^^^^
  File "/home/theone/using_web/calorie-web/admin/venv/lib/python3.12/site-packages/flask_cors/extension.py", line 176, in wrapped_function
    return cors_after_request(app.make_response(f(*args, **kwargs)))
                                                ^^^^^^^^^^^^^^^^^^
  File "/home/theone/using_web/calorie-web/admin/venv/lib/python3.12/site-packages/flask/app.py", line 917, in full_dispatch_request
    rv = self.dispatch_request()
         ^^^^^^^^^^^^^^^^^^^^^^^
  File "/home/theone/using_web/calorie-web/admin/venv/lib/python3.12/site-packages/flask/app.py", line 902, in dispatch_request
    return self.ensure_sync(self.view_functions[rule.endpoint])(**view_args)  # type: ignore[no-any-return]
           ^^^^^^^^^^^^^^^^^^^^^^^^^^^^^^^^^^^^^^^^^^^^^^^^^^^^^^^^^^^^^^^^^
  File "/home/theone/using_web/calorie-web/admin/admin_app.py", line 50, in wrapper
    return fn(*args, **kwargs)
           ^^^^^^^^^^^^^^^^^^^
  File "/home/theone/using_web/calorie-web/admin/admin_app.py", line 91, in update_food
    db.session.commit()
  File "/home/theone/using_web/calorie-web/admin/venv/lib/python3.12/site-packages/sqlalchemy/orm/scoping.py", line 599, in commit
    return self._proxied.commit()
           ^^^^^^^^^^^^^^^^^^^^^^
  File "/home/theone/using_web/calorie-web/admin/venv/lib/python3.12/site-packages/sqlalchemy/orm/session.py", line 2032, in commit
    trans.commit(_to_root=True)
  File "<string>", line 2, in commit
  File "/home/theone/using_web/calorie-web/admin/venv/lib/python3.12/site-packages/sqlalchemy/orm/state_changes.py", line 139, in _go
    ret_value = fn(self, *arg, **kw)
                ^^^^^^^^^^^^^^^^^^^^
  File "/home/theone/using_web/calorie-web/admin/venv/lib/python3.12/site-packages/sqlalchemy/orm/session.py", line 1313, in commit
    self._prepare_impl()
  File "<string>", line 2, in _prepare_impl
  File "/home/theone/using_web/calorie-web/admin/venv/lib/python3.12/site-packages/sqlalchemy/orm/state_changes.py", line 139, in _go
    ret_value = fn(self, *arg, **kw)
                ^^^^^^^^^^^^^^^^^^^^
  File "/home/theone/using_web/calorie-web/admin/venv/lib/python3.12/site-packages/sqlalchemy/orm/session.py", line 1288, in _prepare_impl
    self.session.flush()
  File "/home/theone/using_web/calorie-web/admin/venv/lib/python3.12/site-packages/sqlalchemy/orm/session.py", line 4345, in flush
    self._flush(objects)
  File "/home/theone/using_web/calorie-web/admin/venv/lib/python3.12/site-packages/sqlalchemy/orm/session.py", line 4480, in _flush
    with util.safe_reraise():
  File "/home/theone/using_web/calorie-web/admin/venv/lib/python3.12/site-packages/sqlalchemy/util/langhelpers.py", line 224, in __exit__
    raise exc_value.with_traceback(exc_tb)
  File "/home/theone/using_web/calorie-web/admin/venv/lib/python3.12/site-packages/sqlalchemy/orm/session.py", line 4441, in _flush
    flush_context.execute()
  File "/home/theone/using_web/calorie-web/admin/venv/lib/python3.12/site-packages/sqlalchemy/orm/unitofwork.py", line 466, in execute
    rec.execute(self)
  File "/home/theone/using_web/calorie-web/admin/venv/lib/python3.12/site-packages/sqlalchemy/orm/unitofwork.py", line 642, in execute
    util.preloaded.orm_persistence.save_obj(
  File "/home/theone/using_web/calorie-web/admin/venv/lib/python3.12/site-packages/sqlalchemy/orm/persistence.py", line 85, in save_obj
    _emit_update_statements(
  File "/home/theone/using_web/calorie-web/admin/venv/lib/python3.12/site-packages/sqlalchemy/orm/persistence.py", line 912, in _emit_update_statements
    c = connection.execute(
        ^^^^^^^^^^^^^^^^^^^
  File "/home/theone/using_web/calorie-web/admin/venv/lib/python3.12/site-packages/sqlalchemy/engine/base.py", line 1415, in execute
    return meth(
           ^^^^^
  File "/home/theone/using_web/calorie-web/admin/venv/lib/python3.12/site-packages/sqlalchemy/sql/elements.py", line 523, in _execute_on_connection
    return connection._execute_clauseelement(
           ^^^^^^^^^^^^^^^^^^^^^^^^^^^^^^^^^^
  File "/home/theone/using_web/calorie-web/admin/venv/lib/python3.12/site-packages/sqlalchemy/engine/base.py", line 1637, in _execute_clauseelement
    ret = self._execute_context(
          ^^^^^^^^^^^^^^^^^^^^^^
  File "/home/theone/using_web/calorie-web/admin/venv/lib/python3.12/site-packages/sqlalchemy/engine/base.py", line 1842, in _execute_context
    return self._exec_single_context(
           ^^^^^^^^^^^^^^^^^^^^^^^^^^
  File "/home/theone/using_web/calorie-web/admin/venv/lib/python3.12/site-packages/sqlalchemy/engine/base.py", line 1982, in _exec_single_context
    self._handle_dbapi_exception(
  File "/home/theone/using_web/calorie-web/admin/venv/lib/python3.12/site-packages/sqlalchemy/engine/base.py", line 2351, in _handle_dbapi_exception
    raise sqlalchemy_exception.with_traceback(exc_info[2]) from e
  File "/home/theone/using_web/calorie-web/admin/venv/lib/python3.12/site-packages/sqlalchemy/engine/base.py", line 1963, in _exec_single_context
    self.dialect.do_execute(
  File "/home/theone/using_web/calorie-web/admin/venv/lib/python3.12/site-packages/sqlalchemy/engine/default.py", line 943, in do_execute
    cursor.execute(statement, parameters)
  File "/home/theone/using_web/calorie-web/admin/venv/lib/python3.12/site-packages/pymysql/cursors.py", line 153, in execute
    result = self._query(query)
             ^^^^^^^^^^^^^^^^^^
  File "/home/theone/using_web/calorie-web/admin/venv/lib/python3.12/site-packages/pymysql/cursors.py", line 322, in _query
    conn.query(q)
  File "/home/theone/using_web/calorie-web/admin/venv/lib/python3.12/site-packages/pymysql/connections.py", line 563, in query
    self._affected_rows = self._read_query_result(unbuffered=unbuffered)
                          ^^^^^^^^^^^^^^^^^^^^^^^^^^^^^^^^^^^^^^^^^^^^^^
  File "/home/theone/using_web/calorie-web/admin/venv/lib/python3.12/site-packages/pymysql/connections.py", line 825, in _read_query_result
    result.read()
  File "/home/theone/using_web/calorie-web/admin/venv/lib/python3.12/site-packages/pymysql/connections.py", line 1199, in read
    first_packet = self.connection._read_packet()
                   ^^^^^^^^^^^^^^^^^^^^^^^^^^^^^^
  File "/home/theone/using_web/calorie-web/admin/venv/lib/python3.12/site-packages/pymysql/connections.py", line 775, in _read_packet
    packet.raise_for_error()
  File "/home/theone/using_web/calorie-web/admin/venv/lib/python3.12/site-packages/pymysql/protocol.py", line 219, in raise_for_error
    err.raise_mysql_exception(self._data)
  File "/home/theone/using_web/calorie-web/admin/venv/lib/python3.12/site-packages/pymysql/err.py", line 150, in raise_mysql_exception
    raise errorclass(errno, errval)
sqlalchemy.exc.IntegrityError: (pymysql.err.IntegrityError) (1062, "Duplicate entry 'è˜‹æžœï¼ˆ100 gï¼‰' for key 'food.name'")
[SQL: UPDATE food SET name=%(name)s WHERE food.id = %(food_id)s]
[parameters: {'name': 'è˜‹æžœï¼ˆ100 gï¼‰', 'food_id': 11}]
(Background on this error at: https://sqlalche.me/e/20/gkpj)
127.0.0.1 - - [12/Jun/2025 16:04:47] "[35m[1mPUT /foods/11 HTTP/1.0[0m" 500 -
127.0.0.1 - - [12/Jun/2025 16:04:54] "[35m[1mDELETE /foods/11 HTTP/1.0[0m" 204 -
127.0.0.1 - - [12/Jun/2025 16:04:54] "GET /foods HTTP/1.0" 200 -
[2025-06-12 16:05:02,154] ERROR in app: Exception on /foods [POST]
Traceback (most recent call last):
  File "/home/theone/using_web/calorie-web/admin/venv/lib/python3.12/site-packages/sqlalchemy/engine/base.py", line 1963, in _exec_single_context
    self.dialect.do_execute(
  File "/home/theone/using_web/calorie-web/admin/venv/lib/python3.12/site-packages/sqlalchemy/engine/default.py", line 943, in do_execute
    cursor.execute(statement, parameters)
  File "/home/theone/using_web/calorie-web/admin/venv/lib/python3.12/site-packages/pymysql/cursors.py", line 153, in execute
    result = self._query(query)
             ^^^^^^^^^^^^^^^^^^
  File "/home/theone/using_web/calorie-web/admin/venv/lib/python3.12/site-packages/pymysql/cursors.py", line 322, in _query
    conn.query(q)
  File "/home/theone/using_web/calorie-web/admin/venv/lib/python3.12/site-packages/pymysql/connections.py", line 563, in query
    self._affected_rows = self._read_query_result(unbuffered=unbuffered)
                          ^^^^^^^^^^^^^^^^^^^^^^^^^^^^^^^^^^^^^^^^^^^^^^
  File "/home/theone/using_web/calorie-web/admin/venv/lib/python3.12/site-packages/pymysql/connections.py", line 825, in _read_query_result
    result.read()
  File "/home/theone/using_web/calorie-web/admin/venv/lib/python3.12/site-packages/pymysql/connections.py", line 1199, in read
    first_packet = self.connection._read_packet()
                   ^^^^^^^^^^^^^^^^^^^^^^^^^^^^^^
  File "/home/theone/using_web/calorie-web/admin/venv/lib/python3.12/site-packages/pymysql/connections.py", line 775, in _read_packet
    packet.raise_for_error()
  File "/home/theone/using_web/calorie-web/admin/venv/lib/python3.12/site-packages/pymysql/protocol.py", line 219, in raise_for_error
    err.raise_mysql_exception(self._data)
  File "/home/theone/using_web/calorie-web/admin/venv/lib/python3.12/site-packages/pymysql/err.py", line 150, in raise_mysql_exception
    raise errorclass(errno, errval)
pymysql.err.IntegrityError: (1062, "Duplicate entry 'è˜‹æžœï¼ˆ100 gï¼‰' for key 'food.name'")

The above exception was the direct cause of the following exception:

Traceback (most recent call last):
  File "/home/theone/using_web/calorie-web/admin/venv/lib/python3.12/site-packages/flask/app.py", line 1511, in wsgi_app
    response = self.full_dispatch_request()
               ^^^^^^^^^^^^^^^^^^^^^^^^^^^^
  File "/home/theone/using_web/calorie-web/admin/venv/lib/python3.12/site-packages/flask/app.py", line 919, in full_dispatch_request
    rv = self.handle_user_exception(e)
         ^^^^^^^^^^^^^^^^^^^^^^^^^^^^^
  File "/home/theone/using_web/calorie-web/admin/venv/lib/python3.12/site-packages/flask_cors/extension.py", line 176, in wrapped_function
    return cors_after_request(app.make_response(f(*args, **kwargs)))
                                                ^^^^^^^^^^^^^^^^^^
  File "/home/theone/using_web/calorie-web/admin/venv/lib/python3.12/site-packages/flask/app.py", line 917, in full_dispatch_request
    rv = self.dispatch_request()
         ^^^^^^^^^^^^^^^^^^^^^^^
  File "/home/theone/using_web/calorie-web/admin/venv/lib/python3.12/site-packages/flask/app.py", line 902, in dispatch_request
    return self.ensure_sync(self.view_functions[rule.endpoint])(**view_args)  # type: ignore[no-any-return]
           ^^^^^^^^^^^^^^^^^^^^^^^^^^^^^^^^^^^^^^^^^^^^^^^^^^^^^^^^^^^^^^^^^
  File "/home/theone/using_web/calorie-web/admin/admin_app.py", line 50, in wrapper
    return fn(*args, **kwargs)
           ^^^^^^^^^^^^^^^^^^^
  File "/home/theone/using_web/calorie-web/admin/admin_app.py", line 80, in add_food
    db.session.add(f); db.session.commit()
                       ^^^^^^^^^^^^^^^^^^^
  File "/home/theone/using_web/calorie-web/admin/venv/lib/python3.12/site-packages/sqlalchemy/orm/scoping.py", line 599, in commit
    return self._proxied.commit()
           ^^^^^^^^^^^^^^^^^^^^^^
  File "/home/theone/using_web/calorie-web/admin/venv/lib/python3.12/site-packages/sqlalchemy/orm/session.py", line 2032, in commit
    trans.commit(_to_root=True)
  File "<string>", line 2, in commit
  File "/home/theone/using_web/calorie-web/admin/venv/lib/python3.12/site-packages/sqlalchemy/orm/state_changes.py", line 139, in _go
    ret_value = fn(self, *arg, **kw)
                ^^^^^^^^^^^^^^^^^^^^
  File "/home/theone/using_web/calorie-web/admin/venv/lib/python3.12/site-packages/sqlalchemy/orm/session.py", line 1313, in commit
    self._prepare_impl()
  File "<string>", line 2, in _prepare_impl
  File "/home/theone/using_web/calorie-web/admin/venv/lib/python3.12/site-packages/sqlalchemy/orm/state_changes.py", line 139, in _go
    ret_value = fn(self, *arg, **kw)
                ^^^^^^^^^^^^^^^^^^^^
  File "/home/theone/using_web/calorie-web/admin/venv/lib/python3.12/site-packages/sqlalchemy/orm/session.py", line 1288, in _prepare_impl
    self.session.flush()
  File "/home/theone/using_web/calorie-web/admin/venv/lib/python3.12/site-packages/sqlalchemy/orm/session.py", line 4345, in flush
    self._flush(objects)
  File "/home/theone/using_web/calorie-web/admin/venv/lib/python3.12/site-packages/sqlalchemy/orm/session.py", line 4480, in _flush
    with util.safe_reraise():
  File "/home/theone/using_web/calorie-web/admin/venv/lib/python3.12/site-packages/sqlalchemy/util/langhelpers.py", line 224, in __exit__
    raise exc_value.with_traceback(exc_tb)
  File "/home/theone/using_web/calorie-web/admin/venv/lib/python3.12/site-packages/sqlalchemy/orm/session.py", line 4441, in _flush
    flush_context.execute()
  File "/home/theone/using_web/calorie-web/admin/venv/lib/python3.12/site-packages/sqlalchemy/orm/unitofwork.py", line 466, in execute
    rec.execute(self)
  File "/home/theone/using_web/calorie-web/admin/venv/lib/python3.12/site-packages/sqlalchemy/orm/unitofwork.py", line 642, in execute
    util.preloaded.orm_persistence.save_obj(
  File "/home/theone/using_web/calorie-web/admin/venv/lib/python3.12/site-packages/sqlalchemy/orm/persistence.py", line 93, in save_obj
    _emit_insert_statements(
  File "/home/theone/using_web/calorie-web/admin/venv/lib/python3.12/site-packages/sqlalchemy/orm/persistence.py", line 1233, in _emit_insert_statements
    result = connection.execute(
             ^^^^^^^^^^^^^^^^^^^
  File "/home/theone/using_web/calorie-web/admin/venv/lib/python3.12/site-packages/sqlalchemy/engine/base.py", line 1415, in execute
    return meth(
           ^^^^^
  File "/home/theone/using_web/calorie-web/admin/venv/lib/python3.12/site-packages/sqlalchemy/sql/elements.py", line 523, in _execute_on_connection
    return connection._execute_clauseelement(
           ^^^^^^^^^^^^^^^^^^^^^^^^^^^^^^^^^^
  File "/home/theone/using_web/calorie-web/admin/venv/lib/python3.12/site-packages/sqlalchemy/engine/base.py", line 1637, in _execute_clauseelement
    ret = self._execute_context(
          ^^^^^^^^^^^^^^^^^^^^^^
  File "/home/theone/using_web/calorie-web/admin/venv/lib/python3.12/site-packages/sqlalchemy/engine/base.py", line 1842, in _execute_context
    return self._exec_single_context(
           ^^^^^^^^^^^^^^^^^^^^^^^^^^
  File "/home/theone/using_web/calorie-web/admin/venv/lib/python3.12/site-packages/sqlalchemy/engine/base.py", line 1982, in _exec_single_context
    self._handle_dbapi_exception(
  File "/home/theone/using_web/calorie-web/admin/venv/lib/python3.12/site-packages/sqlalchemy/engine/base.py", line 2351, in _handle_dbapi_exception
    raise sqlalchemy_exception.with_traceback(exc_info[2]) from e
  File "/home/theone/using_web/calorie-web/admin/venv/lib/python3.12/site-packages/sqlalchemy/engine/base.py", line 1963, in _exec_single_context
    self.dialect.do_execute(
  File "/home/theone/using_web/calorie-web/admin/venv/lib/python3.12/site-packages/sqlalchemy/engine/default.py", line 943, in do_execute
    cursor.execute(statement, parameters)
  File "/home/theone/using_web/calorie-web/admin/venv/lib/python3.12/site-packages/pymysql/cursors.py", line 153, in execute
    result = self._query(query)
             ^^^^^^^^^^^^^^^^^^
  File "/home/theone/using_web/calorie-web/admin/venv/lib/python3.12/site-packages/pymysql/cursors.py", line 322, in _query
    conn.query(q)
  File "/home/theone/using_web/calorie-web/admin/venv/lib/python3.12/site-packages/pymysql/connections.py", line 563, in query
    self._affected_rows = self._read_query_result(unbuffered=unbuffered)
                          ^^^^^^^^^^^^^^^^^^^^^^^^^^^^^^^^^^^^^^^^^^^^^^
  File "/home/theone/using_web/calorie-web/admin/venv/lib/python3.12/site-packages/pymysql/connections.py", line 825, in _read_query_result
    result.read()
  File "/home/theone/using_web/calorie-web/admin/venv/lib/python3.12/site-packages/pymysql/connections.py", line 1199, in read
    first_packet = self.connection._read_packet()
                   ^^^^^^^^^^^^^^^^^^^^^^^^^^^^^^
  File "/home/theone/using_web/calorie-web/admin/venv/lib/python3.12/site-packages/pymysql/connections.py", line 775, in _read_packet
    packet.raise_for_error()
  File "/home/theone/using_web/calorie-web/admin/venv/lib/python3.12/site-packages/pymysql/protocol.py", line 219, in raise_for_error
    err.raise_mysql_exception(self._data)
  File "/home/theone/using_web/calorie-web/admin/venv/lib/python3.12/site-packages/pymysql/err.py", line 150, in raise_mysql_exception
    raise errorclass(errno, errval)
sqlalchemy.exc.IntegrityError: (pymysql.err.IntegrityError) (1062, "Duplicate entry 'è˜‹æžœï¼ˆ100 gï¼‰' for key 'food.name'")
[SQL: INSERT INTO food (name, calories, protein, fat, carbs) VALUES (%(name)s, %(calories)s, %(protein)s, %(fat)s, %(carbs)s)]
[parameters: {'name': 'è˜‹æžœï¼ˆ100 gï¼‰', 'calories': 425, 'protein': 452, 'fat': 452, 'carbs': 452}]
(Background on this error at: https://sqlalche.me/e/20/gkpj)
127.0.0.1 - - [12/Jun/2025 16:05:02] "[35m[1mPOST /foods HTTP/1.0[0m" 500 -
127.0.0.1 - - [12/Jun/2025 16:07:32] "POST /logout HTTP/1.0" 200 -
127.0.0.1 - - [12/Jun/2025 16:07:32] "GET /whoami HTTP/1.0" 401 -
127.0.0.1 - - [12/Jun/2025 18:53:26] "GET /whoami HTTP/1.0" 401 -
127.0.0.1 - - [12/Jun/2025 18:53:26] "GET /whoami HTTP/1.0" 401 -
127.0.0.1 - - [12/Jun/2025 18:53:27] "GET /whoami HTTP/1.0" 401 -
127.0.0.1 - - [12/Jun/2025 18:53:27] "GET /whoami HTTP/1.0" 401 -
127.0.0.1 - - [13/Jun/2025 08:16:50] "GET /whoami HTTP/1.0" 401 -
127.0.0.1 - - [13/Jun/2025 08:16:50] "GET /whoami HTTP/1.0" 401 -
127.0.0.1 - - [13/Jun/2025 09:35:45] "GET /whoami HTTP/1.0" 401 -
127.0.0.1 - - [13/Jun/2025 09:35:45] "GET /whoami HTTP/1.0" 401 -
127.0.0.1 - - [13/Jun/2025 11:33:53] "GET /whoami HTTP/1.0" 401 -
127.0.0.1 - - [13/Jun/2025 11:33:53] "GET /whoami HTTP/1.0" 401 -
127.0.0.1 - - [14/Jun/2025 13:58:50] "GET /whoami HTTP/1.0" 401 -
127.0.0.1 - - [14/Jun/2025 13:58:50] "GET /whoami HTTP/1.0" 401 -
127.0.0.1 - - [17/Jun/2025 10:08:03] "GET /whoami HTTP/1.0" 401 -
127.0.0.1 - - [17/Jun/2025 10:08:03] "GET /whoami HTTP/1.0" 401 -
127.0.0.1 - - [30/Jun/2025 11:04:05] "GET /whoami HTTP/1.0" 401 -
127.0.0.1 - - [30/Jun/2025 11:04:05] "GET /whoami HTTP/1.0" 401 -
