python3: can't open file '/home/theone/using_web/calorie-web/admin/front/http.server': [Errno 2] No such file or directory
127.0.0.1 - - [09/Jun/2025 09:55:32] "GET / HTTP/1.0" 200 -
127.0.0.1 - - [09/Jun/2025 09:55:32] "GET / HTTP/1.0" 200 -
127.0.0.1 - - [09/Jun/2025 09:55:32] "GET / HTTP/1.0" 200 -
127.0.0.1 - - [09/Jun/2025 09:55:32] "GET / HTTP/1.0" 200 -
127.0.0.1 - - [09/Jun/2025 09:55:33] "GET / HTTP/1.0" 200 -
127.0.0.1 - - [09/Jun/2025 09:55:33] "GET / HTTP/1.0" 200 -
127.0.0.1 - - [09/Jun/2025 09:55:33] "GET / HTTP/1.0" 200 -
127.0.0.1 - - [09/Jun/2025 09:55:33] "GET / HTTP/1.0" 200 -
127.0.0.1 - - [09/Jun/2025 09:55:34] code 404, message File not found
127.0.0.1 - - [09/Jun/2025 09:55:34] "GET /@vite/env HTTP/1.0" 404 -
127.0.0.1 - - [09/Jun/2025 09:55:34] code 404, message File not found
127.0.0.1 - - [09/Jun/2025 09:55:34] "GET /@vite/env HTTP/1.0" 404 -
127.0.0.1 - - [09/Jun/2025 09:55:35] code 404, message File not found
127.0.0.1 - - [09/Jun/2025 09:55:35] "GET /actuator/env HTTP/1.0" 404 -
127.0.0.1 - - [09/Jun/2025 09:55:35] code 404, message File not found
127.0.0.1 - - [09/Jun/2025 09:55:35] "GET /actuator/env HTTP/1.0" 404 -
127.0.0.1 - - [09/Jun/2025 09:55:35] code 404, message File not found
127.0.0.1 - - [09/Jun/2025 09:55:35] "GET /server HTTP/1.0" 404 -
127.0.0.1 - - [09/Jun/2025 09:55:35] code 404, message File not found
127.0.0.1 - - [09/Jun/2025 09:55:35] "GET /server HTTP/1.0" 404 -
127.0.0.1 - - [09/Jun/2025 09:55:36] code 404, message File not found
127.0.0.1 - - [09/Jun/2025 09:55:36] "GET /.vscode/sftp.json HTTP/1.0" 404 -
127.0.0.1 - - [09/Jun/2025 09:55:36] code 404, message File not found
127.0.0.1 - - [09/Jun/2025 09:55:36] "GET /.vscode/sftp.json HTTP/1.0" 404 -
127.0.0.1 - - [09/Jun/2025 09:55:37] code 404, message File not found
127.0.0.1 - - [09/Jun/2025 09:55:37] "GET /about HTTP/1.0" 404 -
127.0.0.1 - - [09/Jun/2025 09:55:37] code 404, message File not found
127.0.0.1 - - [09/Jun/2025 09:55:37] "GET /about HTTP/1.0" 404 -
127.0.0.1 - - [09/Jun/2025 09:55:38] code 404, message File not found
127.0.0.1 - - [09/Jun/2025 09:55:38] "GET /debug/default/view?panel=config HTTP/1.0" 404 -
127.0.0.1 - - [09/Jun/2025 09:55:38] code 404, message File not found
127.0.0.1 - - [09/Jun/2025 09:55:38] "GET /debug/default/view?panel=config HTTP/1.0" 404 -
127.0.0.1 - - [09/Jun/2025 09:55:38] code 404, message File not found
127.0.0.1 - - [09/Jun/2025 09:55:38] "GET /v2/_catalog HTTP/1.0" 404 -
127.0.0.1 - - [09/Jun/2025 09:55:38] code 404, message File not found
127.0.0.1 - - [09/Jun/2025 09:55:38] "GET /v2/_catalog HTTP/1.0" 404 -
127.0.0.1 - - [09/Jun/2025 09:55:39] code 404, message File not found
127.0.0.1 - - [09/Jun/2025 09:55:39] "GET /ecp/Current/exporttool/microsoft.exchange.ediscovery.exporttool.application HTTP/1.0" 404 -
127.0.0.1 - - [09/Jun/2025 09:55:39] code 404, message File not found
127.0.0.1 - - [09/Jun/2025 09:55:39] "GET /ecp/Current/exporttool/microsoft.exchange.ediscovery.exporttool.application HTTP/1.0" 404 -
127.0.0.1 - - [09/Jun/2025 09:55:40] code 404, message File not found
127.0.0.1 - - [09/Jun/2025 09:55:40] "GET /server-status HTTP/1.0" 404 -
127.0.0.1 - - [09/Jun/2025 09:55:40] code 404, message File not found
127.0.0.1 - - [09/Jun/2025 09:55:40] "GET /server-status HTTP/1.0" 404 -
127.0.0.1 - - [09/Jun/2025 09:55:40] code 404, message File not found
127.0.0.1 - - [09/Jun/2025 09:55:40] "GET /login.action HTTP/1.0" 404 -
127.0.0.1 - - [09/Jun/2025 09:55:40] code 404, message File not found
127.0.0.1 - - [09/Jun/2025 09:55:40] "GET /login.action HTTP/1.0" 404 -
127.0.0.1 - - [09/Jun/2025 09:55:41] code 404, message File not found
127.0.0.1 - - [09/Jun/2025 09:55:41] "GET /_all_dbs HTTP/1.0" 404 -
127.0.0.1 - - [09/Jun/2025 09:55:41] code 404, message File not found
127.0.0.1 - - [09/Jun/2025 09:55:41] "GET /_all_dbs HTTP/1.0" 404 -
127.0.0.1 - - [09/Jun/2025 09:55:41] code 404, message File not found
127.0.0.1 - - [09/Jun/2025 09:55:41] "GET /.DS_Store HTTP/1.0" 404 -
127.0.0.1 - - [09/Jun/2025 09:55:41] code 404, message File not found
127.0.0.1 - - [09/Jun/2025 09:55:41] "GET /.DS_Store HTTP/1.0" 404 -
127.0.0.1 - - [09/Jun/2025 09:55:42] code 404, message File not found
127.0.0.1 - - [09/Jun/2025 09:55:42] "GET /.env HTTP/1.0" 404 -
127.0.0.1 - - [09/Jun/2025 09:55:42] code 404, message File not found
127.0.0.1 - - [09/Jun/2025 09:55:42] "GET /.env HTTP/1.0" 404 -
127.0.0.1 - - [09/Jun/2025 09:55:42] code 404, message File not found
127.0.0.1 - - [09/Jun/2025 09:55:42] "GET /.git/config HTTP/1.0" 404 -
127.0.0.1 - - [09/Jun/2025 09:55:43] code 404, message File not found
127.0.0.1 - - [09/Jun/2025 09:55:43] "GET /.git/config HTTP/1.0" 404 -
127.0.0.1 - - [09/Jun/2025 09:55:43] code 404, message File not found
127.0.0.1 - - [09/Jun/2025 09:55:43] "GET /s/430323e25373e21323e2430313/_/;/META-INF/maven/com.atlassian.jira/jira-webapp-dist/pom.properties HTTP/1.0" 404 -
127.0.0.1 - - [09/Jun/2025 09:55:44] code 404, message File not found
127.0.0.1 - - [09/Jun/2025 09:55:44] "GET /config.json HTTP/1.0" 404 -
127.0.0.1 - - [09/Jun/2025 09:55:44] code 404, message File not found
127.0.0.1 - - [09/Jun/2025 09:55:44] "GET /s/834323e2138313e27363e2237313/_/;/META-INF/maven/com.atlassian.jira/jira-webapp-dist/pom.properties HTTP/1.0" 404 -
127.0.0.1 - - [09/Jun/2025 09:55:44] code 404, message File not found
127.0.0.1 - - [09/Jun/2025 09:55:44] "GET /telescope/requests HTTP/1.0" 404 -
127.0.0.1 - - [09/Jun/2025 09:55:45] code 404, message File not found
127.0.0.1 - - [09/Jun/2025 09:55:45] "GET /info.php HTTP/1.0" 404 -
127.0.0.1 - - [09/Jun/2025 09:55:45] code 404, message File not found
127.0.0.1 - - [09/Jun/2025 09:55:45] "GET /config.json HTTP/1.0" 404 -
127.0.0.1 - - [09/Jun/2025 09:55:45] "GET /?rest_route=/wp/v2/users/ HTTP/1.0" 200 -
127.0.0.1 - - [09/Jun/2025 09:55:46] code 404, message File not found
127.0.0.1 - - [09/Jun/2025 09:55:46] "GET /telescope/requests HTTP/1.0" 404 -
127.0.0.1 - - [09/Jun/2025 09:55:46] code 404, message File not found
127.0.0.1 - - [09/Jun/2025 09:55:46] "GET /info.php HTTP/1.0" 404 -
127.0.0.1 - - [09/Jun/2025 09:55:47] "GET /?rest_route=/wp/v2/users/ HTTP/1.0" 200 -
127.0.0.1 - - [09/Jun/2025 09:56:08] "HEAD / HTTP/1.0" 200 -
127.0.0.1 - - [09/Jun/2025 09:56:16] "GET / HTTP/1.0" 200 -
127.0.0.1 - - [09/Jun/2025 09:56:25] "GET / HTTP/1.0" 200 -
127.0.0.1 - - [09/Jun/2025 09:56:26] "GET /styles.css?v=1 HTTP/1.0" 200 -
127.0.0.1 - - [09/Jun/2025 09:56:26] "GET /admin.js?v=1 HTTP/1.0" 200 -
127.0.0.1 - - [09/Jun/2025 09:56:28] "GET / HTTP/1.0" 200 -
127.0.0.1 - - [09/Jun/2025 09:56:41] "GET / HTTP/1.0" 200 -
127.0.0.1 - - [09/Jun/2025 09:56:43] code 404, message File not found
127.0.0.1 - - [09/Jun/2025 09:56:43] "GET /favicon.ico HTTP/1.0" 404 -
127.0.0.1 - - [09/Jun/2025 09:57:10] "GET / HTTP/1.0" 200 -
127.0.0.1 - - [09/Jun/2025 09:57:41] "GET / HTTP/1.0" 200 -
127.0.0.1 - - [09/Jun/2025 09:57:41] "GET /styles.css?v=1 HTTP/1.0" 200 -
127.0.0.1 - - [09/Jun/2025 09:57:41] "GET /admin.js?v=1 HTTP/1.0" 200 -
127.0.0.1 - - [09/Jun/2025 10:00:20] "GET / HTTP/1.0" 200 -
127.0.0.1 - - [09/Jun/2025 10:00:20] "GET /styles.css?v=1 HTTP/1.0" 200 -
127.0.0.1 - - [09/Jun/2025 10:00:20] "GET /admin.js?v=1 HTTP/1.0" 200 -
127.0.0.1 - - [09/Jun/2025 10:06:42] "GET / HTTP/1.0" 304 -
127.0.0.1 - - [09/Jun/2025 10:11:33] "GET / HTTP/1.0" 200 -
127.0.0.1 - - [09/Jun/2025 10:11:34] code 404, message File not found
127.0.0.1 - - [09/Jun/2025 10:11:34] "GET /favicon.ico HTTP/1.0" 404 -
127.0.0.1 - - [09/Jun/2025 10:14:33] "GET / HTTP/1.0" 304 -
127.0.0.1 - - [09/Jun/2025 10:15:07] "GET / HTTP/1.0" 200 -
127.0.0.1 - - [09/Jun/2025 10:15:23] "GET / HTTP/1.0" 200 -
127.0.0.1 - - [09/Jun/2025 10:15:24] "GET / HTTP/1.0" 200 -
127.0.0.1 - - [09/Jun/2025 10:15:24] code 404, message File not found
127.0.0.1 - - [09/Jun/2025 10:15:24] "GET /favicon.ico HTTP/1.0" 404 -
127.0.0.1 - - [09/Jun/2025 10:15:36] "GET / HTTP/1.0" 200 -
127.0.0.1 - - [09/Jun/2025 10:15:52] "GET / HTTP/1.0" 200 -
127.0.0.1 - - [09/Jun/2025 10:16:24] "GET / HTTP/1.0" 200 -
127.0.0.1 - - [09/Jun/2025 10:19:34] "GET / HTTP/1.0" 304 -
127.0.0.1 - - [09/Jun/2025 10:19:35] "GET / HTTP/1.0" 304 -
127.0.0.1 - - [09/Jun/2025 10:21:00] "GET / HTTP/1.0" 200 -
127.0.0.1 - - [09/Jun/2025 10:23:30] "GET / HTTP/1.0" 304 -
127.0.0.1 - - [09/Jun/2025 10:25:36] "GET / HTTP/1.0" 304 -
127.0.0.1 - - [09/Jun/2025 10:25:38] "GET / HTTP/1.0" 304 -
127.0.0.1 - - [09/Jun/2025 10:25:46] "GET / HTTP/1.0" 304 -
127.0.0.1 - - [09/Jun/2025 10:27:33] "GET / HTTP/1.0" 304 -
127.0.0.1 - - [09/Jun/2025 10:29:35] "GET / HTTP/1.0" 200 -
127.0.0.1 - - [09/Jun/2025 10:37:06] "GET / HTTP/1.0" 304 -
127.0.0.1 - - [09/Jun/2025 10:38:19] "GET / HTTP/1.0" 304 -
127.0.0.1 - - [09/Jun/2025 10:40:54] "GET / HTTP/1.0" 304 -
127.0.0.1 - - [09/Jun/2025 10:41:31] "GET / HTTP/1.0" 200 -
127.0.0.1 - - [09/Jun/2025 10:41:32] "GET / HTTP/1.0" 200 -
127.0.0.1 - - [09/Jun/2025 10:41:32] "GET /styles.css?v=1 HTTP/1.0" 200 -
127.0.0.1 - - [09/Jun/2025 10:41:33] "GET /admin.js?v=1 HTTP/1.0" 200 -
127.0.0.1 - - [09/Jun/2025 10:41:34] code 404, message File not found
127.0.0.1 - - [09/Jun/2025 10:41:34] "GET /favicon.ico HTTP/1.0" 404 -
127.0.0.1 - - [09/Jun/2025 10:41:34] "GET / HTTP/1.0" 200 -
127.0.0.1 - - [09/Jun/2025 10:43:44] "GET / HTTP/1.0" 304 -
127.0.0.1 - - [09/Jun/2025 10:44:24] "GET / HTTP/1.0" 304 -
127.0.0.1 - - [09/Jun/2025 10:54:41] "GET / HTTP/1.0" 200 -
127.0.0.1 - - [09/Jun/2025 10:54:42] code 404, message File not found
127.0.0.1 - - [09/Jun/2025 10:54:42] "GET /favicon.ico HTTP/1.0" 404 -
127.0.0.1 - - [09/Jun/2025 11:04:57] "GET / HTTP/1.0" 200 -
127.0.0.1 - - [09/Jun/2025 11:04:59] "GET / HTTP/1.0" 200 -
127.0.0.1 - - [09/Jun/2025 11:04:59] code 404, message File not found
127.0.0.1 - - [09/Jun/2025 11:04:59] "GET /favicon.ico HTTP/1.0" 404 -
127.0.0.1 - - [09/Jun/2025 11:05:09] "GET / HTTP/1.0" 200 -
127.0.0.1 - - [09/Jun/2025 11:26:33] "GET / HTTP/1.0" 200 -
127.0.0.1 - - [09/Jun/2025 11:26:37] code 404, message File not found
127.0.0.1 - - [09/Jun/2025 11:26:37] "GET /js/lkk_ch.js HTTP/1.0" 404 -
----------------------------------------
Exception occurred during processing of request from ('127.0.0.1', 36098)
Traceback (most recent call last):
  File "/usr/lib/python3.12/http/server.py", line 731, in send_head
    f = open(path, 'rb')
        ^^^^^^^^^^^^^^^^
FileNotFoundError: [Errno 2] No such file or directory: '/home/theone/using_web/calorie-web/admin/front/js/lkk_ch.js'

During handling of the above exception, another exception occurred:

Traceback (most recent call last):
  File "/usr/lib/python3.12/socketserver.py", line 692, in process_request_thread
    self.finish_request(request, client_address)
  File "/usr/lib/python3.12/http/server.py", line 1311, in finish_request
    self.RequestHandlerClass(request, client_address, self,
  File "/usr/lib/python3.12/http/server.py", line 672, in __init__
    super().__init__(*args, **kwargs)
  File "/usr/lib/python3.12/socketserver.py", line 761, in __init__
    self.handle()
  File "/usr/lib/python3.12/http/server.py", line 436, in handle
    self.handle_one_request()
  File "/usr/lib/python3.12/http/server.py", line 424, in handle_one_request
    method()
  File "/usr/lib/python3.12/http/server.py", line 676, in do_GET
    f = self.send_head()
        ^^^^^^^^^^^^^^^^
  File "/usr/lib/python3.12/http/server.py", line 733, in send_head
    self.send_error(HTTPStatus.NOT_FOUND, "File not found")
  File "/usr/lib/python3.12/http/server.py", line 491, in send_error
    self.wfile.write(body)
  File "/usr/lib/python3.12/socketserver.py", line 840, in write
    self._sock.sendall(b)
BrokenPipeError: [Errno 32] Broken pipe
----------------------------------------
127.0.0.1 - - [09/Jun/2025 11:26:37] code 404, message File not found
127.0.0.1 - - [09/Jun/2025 11:26:37] "GET /js/twint_ch.js HTTP/1.0" 404 -
127.0.0.1 - - [09/Jun/2025 11:26:40] "GET /styles.css?v=1 HTTP/1.0" 200 -
127.0.0.1 - - [09/Jun/2025 11:26:45] "GET /admin.js?v=1 HTTP/1.0" 200 -
