nohup: ignoring input
127.0.0.1 - - [07/Jun/2025 15:28:47] "GET / HTTP/1.0" 200 -
127.0.0.1 - - [07/Jun/2025 15:29:36] "GET / HTTP/1.0" 304 -
127.0.0.1 - - [07/Jun/2025 15:31:44] "GET / HTTP/1.0" 200 -
127.0.0.1 - - [07/Jun/2025 15:31:45] code 404, message File not found
127.0.0.1 - - [07/Jun/2025 15:31:45] "GET /favicon.ico HTTP/1.0" 404 -
127.0.0.1 - - [07/Jun/2025 15:39:16] "GET / HTTP/1.0" 200 -
127.0.0.1 - - [07/Jun/2025 15:39:16] "GET /styles.css HTTP/1.0" 304 -
127.0.0.1 - - [07/Jun/2025 15:39:16] "GET /app.js HTTP/1.0" 200 -
127.0.0.1 - - [07/Jun/2025 15:53:49] "GET / HTTP/1.0" 304 -
127.0.0.1 - - [07/Jun/2025 16:03:29] "GET / HTTP/1.0" 200 -
127.0.0.1 - - [07/Jun/2025 16:03:30] "GET /app.js HTTP/1.0" 200 -
127.0.0.1 - - [07/Jun/2025 16:11:04] "GET / HTTP/1.0" 200 -
127.0.0.1 - - [07/Jun/2025 16:11:04] "GET /styles.css HTTP/1.0" 304 -
127.0.0.1 - - [07/Jun/2025 16:11:05] code 404, message File not found
127.0.0.1 - - [07/Jun/2025 16:11:05] "GET /favicon.ico HTTP/1.0" 404 -
127.0.0.1 - - [07/Jun/2025 16:11:32] "GET / HTTP/1.0" 200 -
127.0.0.1 - - [07/Jun/2025 16:12:48] "GET / HTTP/1.0" 200 -
127.0.0.1 - - [07/Jun/2025 16:14:16] "GET / HTTP/1.0" 200 -
127.0.0.1 - - [07/Jun/2025 16:14:19] "GET / HTTP/1.0" 200 -
127.0.0.1 - - [07/Jun/2025 16:14:21] code 404, message File not found
127.0.0.1 - - [07/Jun/2025 16:14:21] "GET /favicon.ico HTTP/1.0" 404 -
127.0.0.1 - - [07/Jun/2025 16:15:04] "GET / HTTP/1.0" 200 -
127.0.0.1 - - [07/Jun/2025 16:15:15] "GET / HTTP/1.0" 200 -
127.0.0.1 - - [07/Jun/2025 16:15:29] "GET / HTTP/1.0" 304 -
127.0.0.1 - - [07/Jun/2025 16:17:01] "GET / HTTP/1.0" 304 -
127.0.0.1 - - [07/Jun/2025 16:46:11] "GET / HTTP/1.0" 200 -
127.0.0.1 - - [07/Jun/2025 16:46:11] "GET /styles.css HTTP/1.0" 304 -
127.0.0.1 - - [07/Jun/2025 16:46:11] "GET /app.js HTTP/1.0" 200 -
127.0.0.1 - - [07/Jun/2025 16:46:11] code 404, message File not found
127.0.0.1 - - [07/Jun/2025 16:46:11] "GET /favicon.ico HTTP/1.0" 404 -
127.0.0.1 - - [07/Jun/2025 16:52:21] "GET / HTTP/1.0" 304 -
127.0.0.1 - - [07/Jun/2025 16:54:36] "GET / HTTP/1.0" 304 -
127.0.0.1 - - [07/Jun/2025 17:18:17] "GET / HTTP/1.0" 200 -
127.0.0.1 - - [07/Jun/2025 17:18:18] "GET /app.js HTTP/1.0" 200 -
127.0.0.1 - - [07/Jun/2025 17:18:18] "GET /styles.css HTTP/1.0" 200 -
127.0.0.1 - - [07/Jun/2025 17:18:19] code 404, message File not found
127.0.0.1 - - [07/Jun/2025 17:18:19] "GET /favicon.ico HTTP/1.0" 404 -
127.0.0.1 - - [07/Jun/2025 17:57:09] "GET /?fbclid=PAZXh0bgNhZW0CMTEAAacNAqLh08uPTAwlYqtz-uwGrKiJZSy0mgQ6ITDH16t8p3DU7Ogv4rw2X77ZnQ_aem__Ska_sF6cxIEQDHDeg2RPw HTTP/1.0" 200 -
127.0.0.1 - - [07/Jun/2025 18:34:28] "GET / HTTP/1.0" 304 -
127.0.0.1 - - [07/Jun/2025 18:34:29] "GET /styles.css HTTP/1.0" 304 -
127.0.0.1 - - [07/Jun/2025 18:54:04] "GET / HTTP/1.0" 200 -
127.0.0.1 - - [07/Jun/2025 18:54:04] "GET /app.js HTTP/1.0" 304 -
127.0.0.1 - - [07/Jun/2025 18:54:56] "GET / HTTP/1.0" 304 -
127.0.0.1 - - [07/Jun/2025 19:06:17] "GET / HTTP/1.0" 304 -
127.0.0.1 - - [07/Jun/2025 19:08:28] "GET / HTTP/1.0" 200 -
127.0.0.1 - - [07/Jun/2025 19:08:44] "GET / HTTP/1.0" 200 -
127.0.0.1 - - [07/Jun/2025 19:47:19] "GET / HTTP/1.0" 200 -
127.0.0.1 - - [07/Jun/2025 19:47:24] code 404, message File not found
127.0.0.1 - - [07/Jun/2025 19:47:24] "GET /js/twint_ch.js HTTP/1.0" 404 -
127.0.0.1 - - [07/Jun/2025 19:47:29] "GET /styles.css HTTP/1.0" 200 -
127.0.0.1 - - [07/Jun/2025 19:47:33] "GET /app.js HTTP/1.0" 200 -
127.0.0.1 - - [07/Jun/2025 20:11:55] "GET / HTTP/1.0" 200 -
127.0.0.1 - - [07/Jun/2025 20:11:56] code 404, message File not found
127.0.0.1 - - [07/Jun/2025 20:11:56] "GET /favicon.ico HTTP/1.0" 404 -
127.0.0.1 - - [07/Jun/2025 23:14:57] "GET /?fbclid=PAZXh0bgNhZW0CMTEAAacoa5WqBI1vEovdjOiVeAyKz6v41E6IzRdHUli7TTZ9imP295wBPTg4-m-rvg_aem_3irN-OEjp4qnbdGJjB7TDw HTTP/1.0" 200 -
127.0.0.1 - - [07/Jun/2025 23:14:58] "GET /app.js HTTP/1.0" 304 -
127.0.0.1 - - [07/Jun/2025 23:14:58] "GET /styles.css HTTP/1.0" 304 -
127.0.0.1 - - [07/Jun/2025 23:56:38] "HEAD / HTTP/1.0" 200 -
127.0.0.1 - - [07/Jun/2025 23:57:19] code 404, message File not found
127.0.0.1 - - [07/Jun/2025 23:57:19] "GET /.env HTTP/1.0" 404 -
127.0.0.1 - - [07/Jun/2025 23:59:13] "GET / HTTP/1.0" 200 -
127.0.0.1 - - [07/Jun/2025 23:59:14] "GET /styles.css HTTP/1.0" 200 -
127.0.0.1 - - [07/Jun/2025 23:59:14] "GET /app.js HTTP/1.0" 200 -
127.0.0.1 - - [07/Jun/2025 23:59:15] code 404, message File not found
127.0.0.1 - - [07/Jun/2025 23:59:15] "GET /favicon.ico HTTP/1.0" 404 -
127.0.0.1 - - [07/Jun/2025 23:59:16] "GET / HTTP/1.0" 200 -
127.0.0.1 - - [07/Jun/2025 23:59:17] "GET /styles.css HTTP/1.0" 200 -
127.0.0.1 - - [07/Jun/2025 23:59:17] "GET /app.js HTTP/1.0" 200 -
127.0.0.1 - - [07/Jun/2025 23:59:18] code 404, message File not found
127.0.0.1 - - [07/Jun/2025 23:59:18] "GET /favicon.ico HTTP/1.0" 404 -
127.0.0.1 - - [08/Jun/2025 00:38:05] "GET / HTTP/1.0" 200 -
127.0.0.1 - - [08/Jun/2025 00:38:06] "GET /styles.css HTTP/1.0" 304 -
127.0.0.1 - - [08/Jun/2025 00:38:06] "GET /app.js HTTP/1.0" 304 -
127.0.0.1 - - [08/Jun/2025 00:38:06] code 404, message File not found
127.0.0.1 - - [08/Jun/2025 00:38:06] "GET /favicon.ico HTTP/1.0" 404 -
127.0.0.1 - - [08/Jun/2025 01:25:00] "GET / HTTP/1.0" 200 -
127.0.0.1 - - [08/Jun/2025 01:25:01] "GET /app.js HTTP/1.0" 200 -
127.0.0.1 - - [08/Jun/2025 01:25:01] "GET /styles.css HTTP/1.0" 304 -
127.0.0.1 - - [08/Jun/2025 01:25:02] code 404, message File not found
127.0.0.1 - - [08/Jun/2025 01:25:02] "GET /favicon.ico HTTP/1.0" 404 -
127.0.0.1 - - [08/Jun/2025 02:02:06] "GET / HTTP/1.0" 200 -
127.0.0.1 - - [08/Jun/2025 02:02:54] code 404, message File not found
127.0.0.1 - - [08/Jun/2025 02:02:54] "GET //unpkg.com/axios/dist/axios.min.js HTTP/1.0" 404 -
127.0.0.1 - - [08/Jun/2025 02:02:54] code 404, message File not found
127.0.0.1 - - [08/Jun/2025 02:02:54] "GET /dist/vue.global.js HTTP/1.0" 404 -
127.0.0.1 - - [08/Jun/2025 02:02:54] code 404, message File not found
127.0.0.1 - - [08/Jun/2025 02:02:54] "GET /dist/vue-router.global.js HTTP/1.0" 404 -
127.0.0.1 - - [08/Jun/2025 02:45:33] code 404, message File not found
127.0.0.1 - - [08/Jun/2025 02:45:33] "GET /robots.txt HTTP/1.0" 404 -
127.0.0.1 - - [08/Jun/2025 02:45:34] "GET / HTTP/1.0" 200 -
127.0.0.1 - - [08/Jun/2025 03:12:13] "GET / HTTP/1.0" 200 -
127.0.0.1 - - [08/Jun/2025 03:13:02] code 404, message File not found
127.0.0.1 - - [08/Jun/2025 03:13:02] "GET /dist/vue-router.global.js HTTP/1.0" 404 -
127.0.0.1 - - [08/Jun/2025 03:13:03] code 404, message File not found
127.0.0.1 - - [08/Jun/2025 03:13:03] "GET //unpkg.com/axios/dist/axios.min.js HTTP/1.0" 404 -
127.0.0.1 - - [08/Jun/2025 03:13:31] code 404, message File not found
127.0.0.1 - - [08/Jun/2025 03:13:31] "GET /dist/vue.global.js HTTP/1.0" 404 -
127.0.0.1 - - [08/Jun/2025 03:31:15] "GET / HTTP/1.0" 200 -
127.0.0.1 - - [08/Jun/2025 03:31:44] code 404, message File not found
127.0.0.1 - - [08/Jun/2025 03:31:44] "GET /dist/vue.global.js HTTP/1.0" 404 -
127.0.0.1 - - [08/Jun/2025 03:31:45] code 404, message File not found
127.0.0.1 - - [08/Jun/2025 03:31:45] "GET /dist/vue-router.global.js HTTP/1.0" 404 -
127.0.0.1 - - [08/Jun/2025 03:31:45] code 404, message File not found
127.0.0.1 - - [08/Jun/2025 03:31:45] "GET //unpkg.com/axios/dist/axios.min.js HTTP/1.0" 404 -
127.0.0.1 - - [08/Jun/2025 03:50:43] "GET / HTTP/1.0" 200 -
127.0.0.1 - - [08/Jun/2025 03:50:58] code 404, message File not found
127.0.0.1 - - [08/Jun/2025 03:50:58] "GET /dist/vue-router.global.js HTTP/1.0" 404 -
127.0.0.1 - - [08/Jun/2025 03:50:58] code 404, message File not found
127.0.0.1 - - [08/Jun/2025 03:50:58] "GET /dist/vue.global.js HTTP/1.0" 404 -
127.0.0.1 - - [08/Jun/2025 03:50:58] code 404, message File not found
127.0.0.1 - - [08/Jun/2025 03:50:58] "GET //unpkg.com/axios/dist/axios.min.js HTTP/1.0" 404 -
127.0.0.1 - - [08/Jun/2025 03:58:54] "HEAD / HTTP/1.0" 200 -
127.0.0.1 - - [08/Jun/2025 03:59:02] "GET / HTTP/1.0" 200 -
127.0.0.1 - - [08/Jun/2025 04:36:54] "GET / HTTP/1.0" 200 -
127.0.0.1 - - [08/Jun/2025 04:36:54] "GET / HTTP/1.0" 200 -
127.0.0.1 - - [08/Jun/2025 04:36:55] code 404, message File not found
127.0.0.1 - - [08/Jun/2025 04:36:55] "GET /apple-touch-icon.png HTTP/1.0" 404 -
127.0.0.1 - - [08/Jun/2025 05:38:44] "GET / HTTP/1.0" 200 -
127.0.0.1 - - [08/Jun/2025 05:39:10] code 404, message File not found
127.0.0.1 - - [08/Jun/2025 05:39:10] "GET /dist/vue-router.global.js HTTP/1.0" 404 -
127.0.0.1 - - [08/Jun/2025 05:39:10] code 404, message File not found
127.0.0.1 - - [08/Jun/2025 05:39:10] "GET //unpkg.com/axios/dist/axios.min.js HTTP/1.0" 404 -
127.0.0.1 - - [08/Jun/2025 05:39:10] code 404, message File not found
127.0.0.1 - - [08/Jun/2025 05:39:10] "GET /dist/vue.global.js HTTP/1.0" 404 -
127.0.0.1 - - [08/Jun/2025 05:50:36] code 404, message File not found
127.0.0.1 - - [08/Jun/2025 05:50:36] "GET /favicon.ico HTTP/1.0" 404 -
127.0.0.1 - - [08/Jun/2025 06:03:41] "GET / HTTP/1.0" 200 -
127.0.0.1 - - [08/Jun/2025 06:17:19] "GET / HTTP/1.0" 200 -
127.0.0.1 - - [08/Jun/2025 06:17:41] code 404, message File not found
127.0.0.1 - - [08/Jun/2025 06:17:41] "GET //unpkg.com/axios/dist/axios.min.js HTTP/1.0" 404 -
127.0.0.1 - - [08/Jun/2025 06:17:41] code 404, message File not found
127.0.0.1 - - [08/Jun/2025 06:17:41] "GET /dist/vue.global.js HTTP/1.0" 404 -
127.0.0.1 - - [08/Jun/2025 06:17:45] code 404, message File not found
127.0.0.1 - - [08/Jun/2025 06:17:45] "GET /dist/vue-router.global.js HTTP/1.0" 404 -
----------------------------------------
Exception occurred during processing of request from ('127.0.0.1', 55390)
Traceback (most recent call last):
  File "/usr/lib/python3.12/http/server.py", line 731, in send_head
    f = open(path, 'rb')
        ^^^^^^^^^^^^^^^^
FileNotFoundError: [Errno 2] No such file or directory: '/home/theone/using_web/calorie-web/front/dist/vue-router.global.js'

During handling of the above exception, another exception occurred:

Traceback (most recent call last):
  File "/usr/lib/python3.12/socketserver.py", line 692, in process_request_thread
    self.finish_request(request, client_address)
  File "/usr/lib/python3.12/http/server.py", line 1311, in finish_request
    self.RequestHandlerClass(request, client_address, self,
  File "/usr/lib/python3.12/http/server.py", line 672, in __init__
    super().__init__(*args, **kwargs)
  File "/usr/lib/python3.12/socketserver.py", line 761, in __init__
    self.handle()
  File "/usr/lib/python3.12/http/server.py", line 436, in handle
    self.handle_one_request()
  File "/usr/lib/python3.12/http/server.py", line 424, in handle_one_request
    method()
  File "/usr/lib/python3.12/http/server.py", line 676, in do_GET
    f = self.send_head()
        ^^^^^^^^^^^^^^^^
  File "/usr/lib/python3.12/http/server.py", line 733, in send_head
    self.send_error(HTTPStatus.NOT_FOUND, "File not found")
  File "/usr/lib/python3.12/http/server.py", line 491, in send_error
    self.wfile.write(body)
  File "/usr/lib/python3.12/socketserver.py", line 840, in write
    self._sock.sendall(b)
BrokenPipeError: [Errno 32] Broken pipe
----------------------------------------
127.0.0.1 - - [08/Jun/2025 06:18:21] code 404, message File not found
127.0.0.1 - - [08/Jun/2025 06:18:21] "GET /dist/vue-router.global.js HTTP/1.0" 404 -
127.0.0.1 - - [08/Jun/2025 06:25:46] "GET / HTTP/1.0" 200 -
127.0.0.1 - - [08/Jun/2025 06:25:47] code 404, message File not found
127.0.0.1 - - [08/Jun/2025 06:25:47] "GET /favicon.ico HTTP/1.0" 404 -
127.0.0.1 - - [08/Jun/2025 06:25:48] code 404, message File not found
127.0.0.1 - - [08/Jun/2025 06:25:48] "GET /ads.txt HTTP/1.0" 404 -
127.0.0.1 - - [08/Jun/2025 06:49:50] "GET / HTTP/1.0" 200 -
127.0.0.1 - - [08/Jun/2025 06:55:56] "GET / HTTP/1.0" 200 -
127.0.0.1 - - [08/Jun/2025 06:55:58] code 404, message File not found
127.0.0.1 - - [08/Jun/2025 06:55:58] "GET /favicon.ico HTTP/1.0" 404 -
127.0.0.1 - - [08/Jun/2025 06:55:59] code 404, message File not found
127.0.0.1 - - [08/Jun/2025 06:55:59] "GET /favicon.ico HTTP/1.0" 404 -
127.0.0.1 - - [08/Jun/2025 07:12:51] "GET / HTTP/1.0" 200 -
127.0.0.1 - - [08/Jun/2025 07:12:52] code 404, message File not found
127.0.0.1 - - [08/Jun/2025 07:12:52] "GET /favicon.ico HTTP/1.0" 404 -
127.0.0.1 - - [08/Jun/2025 07:12:54] code 404, message File not found
127.0.0.1 - - [08/Jun/2025 07:12:54] "GET /favicon.ico HTTP/1.0" 404 -
127.0.0.1 - - [08/Jun/2025 07:28:00] "GET / HTTP/1.0" 200 -
127.0.0.1 - - [08/Jun/2025 07:28:01] "GET /styles.css HTTP/1.0" 304 -
127.0.0.1 - - [08/Jun/2025 07:28:01] "GET /app.js HTTP/1.0" 304 -
127.0.0.1 - - [08/Jun/2025 07:31:09] "GET / HTTP/1.0" 200 -
127.0.0.1 - - [08/Jun/2025 07:31:10] "GET /styles.css HTTP/1.0" 304 -
127.0.0.1 - - [08/Jun/2025 07:31:10] "GET /app.js HTTP/1.0" 304 -
127.0.0.1 - - [08/Jun/2025 07:31:12] code 404, message File not found
127.0.0.1 - - [08/Jun/2025 07:31:12] "GET /favicon.ico HTTP/1.0" 404 -
127.0.0.1 - - [08/Jun/2025 07:35:36] "GET / HTTP/1.0" 200 -
127.0.0.1 - - [08/Jun/2025 08:17:15] code 404, message File not found
127.0.0.1 - - [08/Jun/2025 08:17:15] "GET /robots.txt HTTP/1.0" 404 -
127.0.0.1 - - [08/Jun/2025 08:17:15] "GET / HTTP/1.0" 200 -
127.0.0.1 - - [08/Jun/2025 08:56:33] "GET / HTTP/1.0" 200 -
127.0.0.1 - - [08/Jun/2025 08:56:34] code 404, message File not found
127.0.0.1 - - [08/Jun/2025 08:56:34] "GET /favicon.ico HTTP/1.0" 404 -
127.0.0.1 - - [08/Jun/2025 08:56:36] code 404, message File not found
127.0.0.1 - - [08/Jun/2025 08:56:36] "GET /favicon.ico HTTP/1.0" 404 -
127.0.0.1 - - [08/Jun/2025 09:33:57] code 404, message File not found
127.0.0.1 - - [08/Jun/2025 09:33:57] "GET /.git/config HTTP/1.0" 404 -
127.0.0.1 - - [08/Jun/2025 09:53:39] "GET / HTTP/1.0" 200 -
127.0.0.1 - - [08/Jun/2025 09:53:39] "GET /app.js HTTP/1.0" 200 -
127.0.0.1 - - [08/Jun/2025 09:53:39] "GET /styles.css HTTP/1.0" 304 -
127.0.0.1 - - [08/Jun/2025 09:57:42] "GET / HTTP/1.0" 200 -
127.0.0.1 - - [08/Jun/2025 10:41:04] "GET / HTTP/1.0" 200 -
127.0.0.1 - - [08/Jun/2025 10:57:48] code 404, message File not found
127.0.0.1 - - [08/Jun/2025 10:57:48] "GET /robots.txt HTTP/1.0" 404 -
127.0.0.1 - - [08/Jun/2025 10:57:49] "GET / HTTP/1.0" 200 -
127.0.0.1 - - [08/Jun/2025 11:22:11] "GET / HTTP/1.0" 200 -
127.0.0.1 - - [08/Jun/2025 11:22:15] code 404, message File not found
127.0.0.1 - - [08/Jun/2025 11:22:15] "GET /js/lkk_ch.js HTTP/1.0" 404 -
127.0.0.1 - - [08/Jun/2025 11:22:17] "GET /app.js HTTP/1.0" 200 -
127.0.0.1 - - [08/Jun/2025 11:22:20] "GET /styles.css HTTP/1.0" 304 -
127.0.0.1 - - [08/Jun/2025 11:22:24] code 404, message File not found
127.0.0.1 - - [08/Jun/2025 11:22:24] "GET /js/twint_ch.js HTTP/1.0" 404 -
----------------------------------------
Exception occurred during processing of request from ('127.0.0.1', 51050)
Traceback (most recent call last):
  File "/usr/lib/python3.12/http/server.py", line 731, in send_head
    f = open(path, 'rb')
        ^^^^^^^^^^^^^^^^
FileNotFoundError: [Errno 2] No such file or directory: '/home/theone/using_web/calorie-web/front/js/twint_ch.js'

During handling of the above exception, another exception occurred:

Traceback (most recent call last):
  File "/usr/lib/python3.12/socketserver.py", line 692, in process_request_thread
    self.finish_request(request, client_address)
  File "/usr/lib/python3.12/http/server.py", line 1311, in finish_request
    self.RequestHandlerClass(request, client_address, self,
  File "/usr/lib/python3.12/http/server.py", line 672, in __init__
    super().__init__(*args, **kwargs)
  File "/usr/lib/python3.12/socketserver.py", line 761, in __init__
    self.handle()
  File "/usr/lib/python3.12/http/server.py", line 436, in handle
    self.handle_one_request()
  File "/usr/lib/python3.12/http/server.py", line 424, in handle_one_request
    method()
  File "/usr/lib/python3.12/http/server.py", line 676, in do_GET
    f = self.send_head()
        ^^^^^^^^^^^^^^^^
  File "/usr/lib/python3.12/http/server.py", line 733, in send_head
    self.send_error(HTTPStatus.NOT_FOUND, "File not found")
  File "/usr/lib/python3.12/http/server.py", line 491, in send_error
    self.wfile.write(body)
  File "/usr/lib/python3.12/socketserver.py", line 840, in write
    self._sock.sendall(b)
BrokenPipeError: [Errno 32] Broken pipe
----------------------------------------
127.0.0.1 - - [08/Jun/2025 11:43:20] "GET / HTTP/1.0" 200 -
127.0.0.1 - - [08/Jun/2025 11:43:26] code 404, message File not found
127.0.0.1 - - [08/Jun/2025 11:43:26] "GET /favicon.ico HTTP/1.0" 404 -
127.0.0.1 - - [08/Jun/2025 11:43:27] code 404, message File not found
127.0.0.1 - - [08/Jun/2025 11:43:27] "GET /favicon.ico HTTP/1.0" 404 -
127.0.0.1 - - [08/Jun/2025 12:02:12] "GET / HTTP/1.0" 200 -
127.0.0.1 - - [08/Jun/2025 12:02:14] code 404, message File not found
127.0.0.1 - - [08/Jun/2025 12:02:14] "GET /word%70ress/ HTTP/1.0" 404 -
127.0.0.1 - - [08/Jun/2025 12:12:19] "GET / HTTP/1.0" 200 -
127.0.0.1 - - [08/Jun/2025 12:13:00] code 404, message File not found
127.0.0.1 - - [08/Jun/2025 12:13:00] "GET //unpkg.com/axios/dist/axios.min.js HTTP/1.0" 404 -
127.0.0.1 - - [08/Jun/2025 12:13:00] code 404, message File not found
127.0.0.1 - - [08/Jun/2025 12:13:00] "GET /dist/vue-router.global.js HTTP/1.0" 404 -
127.0.0.1 - - [08/Jun/2025 12:13:00] code 404, message File not found
127.0.0.1 - - [08/Jun/2025 12:13:00] "GET /dist/vue.global.js HTTP/1.0" 404 -
127.0.0.1 - - [08/Jun/2025 12:17:22] "GET / HTTP/1.0" 200 -
127.0.0.1 - - [08/Jun/2025 12:17:23] code 404, message File not found
127.0.0.1 - - [08/Jun/2025 12:17:23] "GET /favicon.ico HTTP/1.0" 404 -
127.0.0.1 - - [08/Jun/2025 12:17:24] code 404, message File not found
127.0.0.1 - - [08/Jun/2025 12:17:24] "GET /favicon.ico HTTP/1.0" 404 -
127.0.0.1 - - [08/Jun/2025 12:18:43] "GET / HTTP/1.0" 200 -
127.0.0.1 - - [08/Jun/2025 12:48:00] "GET / HTTP/1.0" 200 -
127.0.0.1 - - [08/Jun/2025 12:48:06] "GET /app.js HTTP/1.0" 200 -
127.0.0.1 - - [08/Jun/2025 12:53:17] "GET / HTTP/1.0" 200 -
127.0.0.1 - - [08/Jun/2025 14:19:13] "GET / HTTP/1.0" 200 -
127.0.0.1 - - [08/Jun/2025 14:50:27] "GET / HTTP/1.0" 200 -
